[2024-12-07T21:24:51.466Z] starting `heroku update --autoupdate` from /data/data/com.termux/files/usr/bin/heroku --version
waiting until 2024-12-07T22:24:51.441Z to update
waiting until 2024-12-07T22:24:51.441Z to update
waiting until 2024-12-07T22:26:19.267Z to update
waiting until 2024-12-07T22:26:19.267Z to update
waiting until 2024-12-07T22:26:19.267Z to update
waiting until 2024-12-07T22:26:19.267Z to update
waiting until 2024-12-07T22:30:09.335Z to update
waiting until 2024-12-07T22:30:09.335Z to update
waiting until 2024-12-07T22:32:40.736Z to update
waiting until 2024-12-07T22:32:40.736Z to update
waiting until 2024-12-07T22:32:40.736Z to update
waiting until 2024-12-07T22:32:40.736Z to update
waiting until 2024-12-07T22:32:40.736Z to update
waiting until 2024-12-07T22:32:40.736Z to update
waiting until 2024-12-07T22:32:40.736Z to update
waiting until 2024-12-07T22:39:32.559Z to update
waiting until 2024-12-07T22:39:32.559Z to update
waiting until 2024-12-07T22:41:30.361Z to update
waiting until 2024-12-07T22:41:30.361Z to update
waiting until 2024-12-07T22:41:30.361Z to update
waiting until 2024-12-07T22:41:30.361Z to update
waiting until 2024-12-07T22:41:30.361Z to update
waiting until 2024-12-07T22:41:30.361Z to update
waiting until 2024-12-07T22:41:30.361Z to update
waiting until 2024-12-07T22:48:16.132Z to update
waiting until 2024-12-07T22:48:16.132Z to update
waiting until 2024-12-07T22:48:16.132Z to update
waiting until 2024-12-07T22:48:16.132Z to update
waiting until 2024-12-07T22:48:16.132Z to update
waiting until 2024-12-07T22:48:16.132Z to update
waiting until 2024-12-07T22:48:16.132Z to update
waiting until 2024-12-07T22:48:16.132Z to update
waiting until 2024-12-07T22:56:25.909Z to update
waiting until 2024-12-07T22:56:25.909Z to update
waiting until 2024-12-07T22:56:25.909Z to update
waiting until 2024-12-07T22:59:27.632Z to update
waiting until 2024-12-07T22:59:27.632Z to update
waiting until 2024-12-07T23:01:27.739Z to update
waiting until 2024-12-07T23:01:27.739Z to update
waiting until 2024-12-07T23:01:27.739Z to update
waiting until 2024-12-07T23:01:27.739Z to update
waiting until 2024-12-07T23:01:27.739Z to update
waiting until 2024-12-07T23:01:27.739Z to update
waiting until 2024-12-07T23:01:27.739Z to update
waiting until 2024-12-07T23:01:27.739Z to update
waiting until 2024-12-07T23:01:27.739Z to update
waiting until 2024-12-07T23:01:27.739Z to update
waiting until 2024-12-07T23:01:27.739Z to update
waiting until 2024-12-07T23:01:27.739Z to update
waiting until 2024-12-07T23:01:27.739Z to update
waiting until 2024-12-07T23:01:27.739Z to update
waiting until 2024-12-07T23:01:27.739Z to update
waiting until 2024-12-07T23:01:27.739Z to update
waiting until 2024-12-07T23:01:27.739Z to update
waiting until 2024-12-07T23:01:27.739Z to update
waiting until 2024-12-07T23:01:27.739Z to update
waiting until 2024-12-07T23:01:27.739Z to update
waiting until 2024-12-07T23:01:27.739Z to update
waiting until 2024-12-07T23:01:27.739Z to update
waiting until 2024-12-07T23:01:27.739Z to update
waiting until 2024-12-07T23:01:27.739Z to update
waiting until 2024-12-07T23:01:27.739Z to update
waiting until 2024-12-07T23:01:27.739Z to update
waiting until 2024-12-07T23:01:27.739Z to update
waiting until 2024-12-07T23:01:27.739Z to update
waiting until 2024-12-07T23:01:27.739Z to update
waiting until 2024-12-07T23:01:27.739Z to update
waiting until 2024-12-07T23:01:27.739Z to update
waiting until 2024-12-07T23:01:27.739Z to update
waiting until 2024-12-07T23:01:27.739Z to update
waiting until 2024-12-07T23:01:27.739Z to update
waiting until 2024-12-07T23:01:27.739Z to update
waiting until 2024-12-07T23:01:27.739Z to update
waiting until 2024-12-07T23:01:27.739Z to update
waiting until 2024-12-07T23:01:27.739Z to update
waiting until 2024-12-07T23:01:27.739Z to update
waiting until 2024-12-07T23:01:27.739Z to update
waiting until 2024-12-07T23:01:27.739Z to update
waiting until 2024-12-07T23:01:27.739Z to update
waiting until 2024-12-07T23:01:27.739Z to update
waiting until 2024-12-07T23:01:27.739Z to update
waiting until 2024-12-07T23:01:27.739Z to update
waiting until 2024-12-07T23:01:27.739Z to update
waiting until 2024-12-07T23:01:27.739Z to update
waiting until 2024-12-07T23:01:27.739Z to update
waiting until 2024-12-07T23:01:27.739Z to update
waiting until 2024-12-07T23:01:27.739Z to update
waiting until 2024-12-07T23:01:27.739Z to update
waiting until 2024-12-07T23:01:27.739Z to update
waiting until 2024-12-07T23:01:27.739Z to update
waiting until 2024-12-07T23:01:27.739Z to update
waiting until 2024-12-07T23:01:27.739Z to update
waiting until 2024-12-07T23:01:27.739Z to update
time to update
heroku: Updating CLI...
 ›   Warning: update with: "npm update -g heroku"
[G[1A[Jheroku: Updating CLI... not updatable
